# Step 2c · 物种鉴定树 — 操作日志
# 时间: 2026-06-19 19:22
# 脚本: CC 直接执行

━━━━━━━━━━━━━━━━━━━━━━━━━━━━━━━━━━━━━━━━━

## 输入
  1. 00_raw/wenjiangduo_18seqs.fasta          — 18 条古代样本
  2. 02_ref/core/Bos_mutus_NC006380.fasta     — 牦牛参考
  3. 02_ref/core/Bos_taurus_NC006853.fasta    — 普通牛参考
  4. 02_ref/core/Bos_indicus_NC005971.fasta   — 瘤牛参考
  5. 02_ref/core/Bubalus_bubalis_NC006295.fasta — 水牛外群

## 处理流程

  Step 1: 合并 → 04_tree_identification/identification_input.fasta（22条）
  Step 2: MAFFT 比对（--auto, 8 threads）→ identification_aln.fasta（16921 bp）
  Step 3: Trim 处理：
    - 去除5'端534 bp和3'端562 bp的gap端区
    - 去除≥50% gap/N 的内部列（35列）
    → identification_aln_trimmed.fasta（15790 bp）
  Step 4: IQ-TREE2 ML树（-m TEST, -B 1000, -T AUTO, 外群=Bubalus_bubalis）
    模型选择 → TIM2+F+G4（BIC最优）
    CPU时间: 9m21s | 墙钟: 4m42s

## 输出

  比对文件:
    identification_input.fasta        — 合并输入
    identification_aln.fasta          — 原始比对（16921 bp）
    identification_aln_trimmed.fasta  — 修剪后比对（15790 bp）

  IQ-TREE 输出:
    id_tree.treefile   — ML树（含bootstrap支持值）
    id_tree.contree    — 一致性树
    id_tree.iqtree     — 完整报告
    id_tree.log        — 运行日志

  分组表:
    sample_grouping.csv — 22条序列的分组信息

## 树拓扑

  ┌─────────────────────────────────────────────────────────┐
  │                      ML Tree (BS≥50 shown)              │
  ├─────────────────────────────────────────────────────────┤
  │                                                         │
  │  ┌─── Bubalus_bubalis_NC006295   (外群)                │
  │  │                                                      │
  │  └──┐ Bos_taurus 支系 (BS=100)                         │
  │     │  K0909 ─ Z9860 (BS=99)                           │
  │     │  ├── Z9850 ─┐                                    │
  │     │  │          ├── Z9865 ─ Z9867 (BS=63)            │
  │     │  │          └── Z9864            ⚠ Z9867!        │
  │     │  ├── Z9851 ─ Bos_taurus_ref ─ Z9859              │
  │     │  └── Z9852 ─ Z9861 ─ Z9857 (BS=95)              │
  │     │  └── Bos_indicus_NC005971                        │
  │     │                                                  │
  │     └──┐ Bos_mutus 支系 (BS=100)                       │
  │        │  K0914                                        │
  │        │  └── Z9853 ─┐                                 │
  │        │             ├── Z9854 ─ Z9856 ─ Z9863  ⚠      │
  │        │             └── Z9858 (BS=74)  ⚠ Z9863!       │
  │        │  └── Z9855 ─ Bos_mutus_ref (BS=91)            │
  │                                                         │
  │  ⚠ = 形态鉴定与mtDNA母系谱系不一致候选                    │
  └─────────────────────────────────────────────────────────┘

## 关键结果

  ### 1. 物种归属
    牦牛（Bos mutus/grunniens）谱系:  7 条古代样本 + 1 参考
      K0914, Z9853, Z9854, Z9855, Z9856, Z9858, Z9863

    普通牛（Bos taurus）谱系:  11 条古代样本 + 2 参考 + 1 外群
      K0909, Z9850, Z9851, Z9852, Z9857, Z9859, Z9860,
      Z9861, Z9864, Z9865, Z9867

  ### 2. 先验检查结果

    Z9863（形态=普通牛, PRIOR_CATTLE）:
      → ML树归属: **牦牛支系**（BS=100）
      → 结论: **形态鉴定与mtDNA母系谱系不一致候选**
      → 置信度: HIGH（覆盖度81.5×, 99.83% BLAST匹配度, 0.19% gaps）
      → 解释: 该样本形态鉴定为普通牛，但其mtDNA明确归属牦牛支系。
        这提示该个体可能具有牦牛母系祖先。杂交假说需核基因组验证。

    Z9867（形态=牦牛, PRIOR_YAK）:
      → ML树归属: **普通牛支系**（BS=100, 与Z9865姐妹群BS=63）
      → 结论: **形态鉴定与mtDNA母系谱系不一致候选**
      → 置信度: HIGH（覆盖度109.9×, 98.92% BLAST匹配度, 0.86% gaps）
      → 解释: 该样本形态鉴定为牦牛，但其mtDNA明确归属普通牛支系。
        这提示该个体可能具有普通牛母系祖先。杂交假说需核基因组验证。

  ### 3. 重点关注样本

    Z9853:
      → ML树: 牦牛支系（BS=85）
      → ⚠ LOW置信度: 覆盖度2.1×, 29% gaps
      → BLAST匹配度仅95.10%, 72%覆盖
      → 结论: 暂归牦牛，但需谨慎解释

    Z9859:
      → ML树: 普通牛支系（BS=17, 极低支持）
      → 置信度: LOW（pident=97.09%, 7.4% gaps）
      → 形态鉴定不确定（"牛？"）

    Z9864:
      → ML树: 普通牛支系（BS=69）
      → 置信度: MEDIUM（覆盖度10.9×, 2.6% gaps）
      → 形态鉴定不确定（"牛？"）

    Z9865:
      → ML树: 普通牛支系（BS=63, 与Z9867姐妹群）
      → 置信度: LOW（pident=96.27%, 6.6% gaps）

  ### 4. 两个子遗址的比较

    西南塔遗址: K0909（普通牛）, K0914（牦牛）→ 混合
    主遗址: 混合（7 yak + 9 cattle，含Z9863不一致候选）

    → 两个子遗址均出现牦牛与普通牛共存

  ### 5. 模型信息
    最佳模型: TIM2+F+G4（BIC最优）
    位点数: 15,790 bp
    Bootstrap: 1000次 ultrafast bootstrap

## 状态
  DONE — 比对、修剪、ML建树均完成

━━━━━━━━━━━━━━━━━━━━━━━━━━━━━━━━━━━━━━━━━
## 重要说明

  ⚠ 形态鉴定与mtDNA母系谱系不一致候选的判断:
    本分析仅基于线粒体DNA（母系遗传），不能单独证明杂交。
    Z9863/Z9867被标记为"不一致候选"，意为形态鉴定与mtDNA
    母系谱系归属之间存在分歧。杂交假说需要核基因组数据的
    进一步验证方可确认。