# logs/step0_qc_detail.log
# Step 0 QC 补充计算 — 2026-06-18

━━━━━━━━━━━━━━━━━━━━━━━━━━━━━━━━━━━━━━━━━━━━━━━━━━━━━━━━━
## Z9853 重点分析

Length:          16324 bp
N_count:          4911  (30.08%)
called_bases:    11413 bp（排除 N 后）
GC% (全局):        28.55%
GC_called%:        40.83%（排除 N 后，恢复正常水平）
coverage:           2.1× (LOW)

结论：
  - 排除 N 后的 GC_called%（40.83%）与其余样品（~39-40%）一致，
    说明有数据的区段质量正常
  - 但因全序列 30.08% 为 N + 覆盖度仅 2.1×：
    可参与 → BLAST初步物种鉴定（Step 2a）、鉴定树（Step 2c）
    排除  → 单倍型识别（Step 4）、多样性统计（Step 4 DnaSP）、
            BSP 种群历史（Step 5）
  - 最终物种鉴定结论须基于 Z9853 有数据的 11413 bp 区段

━━━━━━━━━━━━━━━━━━━━━━━━━━━━━━━━━━━━━━━━━━━━━━━━━━━━━━━━━
## 全表汇总

HIGH:  8 条  |  MID:  8 条  |  LOW:  2 条（Z9853, Z9864）
WARN:  3 条（Z9853 30.08%N, Z9859 7.96%N, Z9865 7.28%N）
IUPAC 模糊碱基: 全为 0（数据干净，无非标准简并碱基）
排除群体统计: Z9853, Z9864
